<?xml version="1.0" encoding="UTF-8"?>
<coverage generated="1673830069051" clover="3.2.0">
  <project timestamp="1673830069051" name="All files">
    <metrics statements="22" coveredstatements="0" conditionals="0" coveredconditionals="0" methods="14" coveredmethods="0" elements="36" coveredelements="0" complexity="0" loc="22" ncloc="22" packages="2" files="2" classes="2"/>
    <package name="services.api">
      <metrics statements="6" coveredstatements="0" conditionals="0" coveredconditionals="0" methods="3" coveredmethods="0"/>
      <file name="callApi.jest.js" path="/Users/cesargalindo/Documents/GitHub/musicList/src/services/api/callApi.jest.js">
        <metrics statements="6" coveredstatements="0" conditionals="0" coveredconditionals="0" methods="3" coveredmethods="0"/>
        <line num="4" count="0" type="stmt"/>
        <line num="5" count="0" type="stmt"/>
        <line num="6" count="0" type="stmt"/>
        <line num="7" count="0" type="stmt"/>
        <line num="8" count="0" type="stmt"/>
        <line num="9" count="0" type="stmt"/>
      </file>
    </package>
    <package name="utils.helpers.toMinuteAndSeconds">
      <metrics statements="16" coveredstatements="0" conditionals="0" coveredconditionals="0" methods="11" coveredmethods="0"/>
      <file name="toMinuteAndSeconds.jest.js" path="/Users/cesargalindo/Documents/GitHub/musicList/src/utils/helpers/toMinuteAndSeconds/toMinuteAndSeconds.jest.js">
        <metrics statements="16" coveredstatements="0" conditionals="0" coveredconditionals="0" methods="11" coveredmethods="0"/>
        <line num="6" count="0" type="stmt"/>
        <line num="7" count="0" type="stmt"/>
        <line num="8" count="0" type="stmt"/>
        <line num="9" count="0" type="stmt"/>
        <line num="12" count="0" type="stmt"/>
        <line num="13" count="0" type="stmt"/>
        <line num="14" count="0" type="stmt"/>
        <line num="17" count="0" type="stmt"/>
        <line num="18" count="0" type="stmt"/>
        <line num="19" count="0" type="stmt"/>
        <line num="22" count="0" type="stmt"/>
        <line num="23" count="0" type="stmt"/>
        <line num="24" count="0" type="stmt"/>
        <line num="27" count="0" type="stmt"/>
        <line num="28" count="0" type="stmt"/>
        <line num="29" count="0" type="stmt"/>
      </file>
    </package>
  </project>
</coverage>
